30-Jun-2022 10:07:26.367 INFO [http-nio-6060-exec-1] org.apache.catalina.core.ApplicationContext.log HTMLManager: init: Associated with Deployer 'Catalina:type=Deployer,host=localhost'
30-Jun-2022 10:07:26.367 INFO [http-nio-6060-exec-1] org.apache.catalina.core.ApplicationContext.log HTMLManager: init: Global resources are available
30-Jun-2022 10:07:26.395 INFO [http-nio-6060-exec-1] org.apache.catalina.core.ApplicationContext.log HTMLManager: list: Listing contexts for virtual host 'localhost'
30-Jun-2022 10:57:35.344 INFO [http-nio-6060-exec-8] org.apache.catalina.core.ApplicationContext.log HTMLManager: list: Listing contexts for virtual host 'localhost'
30-Jun-2022 11:14:40.435 INFO [http-nio-6060-exec-1] org.apache.catalina.core.ApplicationContext.log HTMLManager: list: Listing contexts for virtual host 'localhost'
30-Jun-2022 11:14:45.999 INFO [http-nio-6060-exec-4] org.apache.catalina.core.ApplicationContext.log HTMLManager: start: Starting web application '/jenkins'
30-Jun-2022 11:14:49.558 INFO [http-nio-6060-exec-4] org.apache.catalina.core.ApplicationContext.log HTMLManager: list: Listing contexts for virtual host 'localhost'
30-Jun-2022 11:14:55.398 INFO [http-nio-6060-exec-12] org.apache.catalina.core.ApplicationContext.log HTMLManager: start: Starting web application '/jenkins'
30-Jun-2022 11:14:57.501 INFO [http-nio-6060-exec-12] org.apache.catalina.core.ApplicationContext.log HTMLManager: list: Listing contexts for virtual host 'localhost'
30-Jun-2022 11:15:04.598 INFO [http-nio-6060-exec-3] org.apache.catalina.core.ApplicationContext.log HTMLManager: start: Starting web application '/jenkins'
30-Jun-2022 11:15:06.804 INFO [http-nio-6060-exec-3] org.apache.catalina.core.ApplicationContext.log HTMLManager: list: Listing contexts for virtual host 'localhost'
30-Jun-2022 11:16:00.450 INFO [http-nio-6060-exec-13] org.apache.catalina.core.ApplicationContext.log HTMLManager: start: Starting web application '/jenkins'
30-Jun-2022 11:16:02.426 INFO [http-nio-6060-exec-13] org.apache.catalina.core.ApplicationContext.log HTMLManager: list: Listing contexts for virtual host 'localhost'
30-Jun-2022 11:16:54.532 INFO [http-nio-6060-exec-1] org.apache.catalina.core.ApplicationContext.log HTMLManager: init: Associated with Deployer 'Catalina:type=Deployer,host=localhost'
30-Jun-2022 11:16:54.538 INFO [http-nio-6060-exec-1] org.apache.catalina.core.ApplicationContext.log HTMLManager: init: Global resources are available
30-Jun-2022 11:16:54.555 INFO [http-nio-6060-exec-1] org.apache.catalina.core.ApplicationContext.log HTMLManager: start: Starting web application '/jenkins'
30-Jun-2022 11:16:58.413 INFO [http-nio-6060-exec-1] org.apache.catalina.core.ApplicationContext.log HTMLManager: list: Listing contexts for virtual host 'localhost'
30-Jun-2022 11:17:02.853 INFO [http-nio-6060-exec-7] org.apache.catalina.core.ApplicationContext.log HTMLManager: start: Starting web application '/jenkins'
30-Jun-2022 11:17:06.573 INFO [http-nio-6060-exec-7] org.apache.catalina.core.ApplicationContext.log HTMLManager: list: Listing contexts for virtual host 'localhost'
30-Jun-2022 11:17:10.863 INFO [http-nio-6060-exec-4] org.apache.catalina.core.ApplicationContext.log HTMLManager: undeploy: Undeploying web application at '/jenkins'
30-Jun-2022 11:17:11.462 INFO [http-nio-6060-exec-4] org.apache.catalina.core.ApplicationContext.log HTMLManager: list: Listing contexts for virtual host 'localhost'
30-Jun-2022 11:18:57.351 INFO [http-nio-6060-exec-16] org.apache.catalina.core.ApplicationContext.log HTMLManager: undeploy: Undeploying web application at '/jenkins'
30-Jun-2022 11:18:58.232 INFO [http-nio-6060-exec-16] org.apache.catalina.core.ApplicationContext.log HTMLManager: list: Listing contexts for virtual host 'localhost'
30-Jun-2022 11:19:07.044 INFO [http-nio-6060-exec-14] org.apache.catalina.core.ApplicationContext.log HTMLManager: undeploy: Undeploying web application at '/jenkins'
30-Jun-2022 11:19:07.044 INFO [http-nio-6060-exec-14] org.apache.catalina.core.ApplicationContext.log HTMLManager: list: Listing contexts for virtual host 'localhost'
30-Jun-2022 11:20:28.409 INFO [http-nio-6060-exec-18] org.apache.catalina.core.ApplicationContext.log HTMLManager: undeploy: Undeploying web application at '/jenkins'
30-Jun-2022 11:20:29.072 INFO [http-nio-6060-exec-18] org.apache.catalina.core.ApplicationContext.log HTMLManager: list: Listing contexts for virtual host 'localhost'
30-Jun-2022 11:21:04.863 INFO [http-nio-6060-exec-12] org.apache.catalina.core.ApplicationContext.log HTMLManager: list: Listing contexts for virtual host 'localhost'
